{"name": "mute_notification -- @1.3 ", "status": "broken", "statusDetails": {"message": "selenium.common.exceptions.NoSuchElementException: Message: no such element: Unable to locate element: {\"method\":\"xpath\",\"selector\":\"(//h3[text()='Smileys & People']/..//img)[-9]\"}\n  (Session info: chrome=107.0.5304.88)\nStacktrace:\nBacktrace:\n\tOrdinal0 [0x0064ACD3+2075859]\n\tOrdinal0 [0x005DEE61+1633889]\n\tOrdinal0 [0x004DB7BD+571325]\n\tOrdinal0 [0x0050AC2F+764975]\n\tOrdinal0 [0x0050AE1B+765467]\n\tOrdinal0 [0x0053D0F2+970994]\n\tOrdinal0 [0x00527364+881508]\n\tOrdinal0 [0x0053B56A+963946]\n\tOrdinal0 [0x00527136+880950]\n\tOrdinal0 [0x004FFEFD+720637]\n\tOrdinal0 [0x00500F3F+724799]\n\tGetHandleVerifier [0x008FEED2+2769538]\n\tGetHandleVerifier [0x008F0D95+2711877]\n\tGetHandleVerifier [0x006DA03A+521194]\n\tGetHandleVerifier [0x006D8DA0+516432]\n\tOrdinal0 [0x005E682C+1665068]\n\tOrdinal0 [0x005EB128+1683752]\n\tOrdinal0 [0x005EB215+1683989]\n\tOrdinal0 [0x005F6484+1729668]\n\tBaseThreadInitThunk [0x76DE6739+25]\n\tRtlGetFullPathName_UEx [0x77DA8FD2+1218]\n\tRtlGetFullPathName_UEx [0x77DA8F9D+1165]\n\n", "trace": "  File \"C:\\Program Files\\Python310\\lib\\site-packages\\behave\\model.py\", line 1329, in run\n    match.run(runner.context)\n  File \"C:\\Program Files\\Python310\\lib\\site-packages\\behave\\matchers.py\", line 98, in run\n    self.func(context, *args, **kwargs)\n  File \"features\\steps\\facebook_stepdef.py\", line 74, in change_emoji\n    context.driver.find_element('xpath', f\"(//h3[text()='Smileys & People']/..//img)[{emoji}]\").click()\n  File \"C:\\Program Files\\Python310\\lib\\site-packages\\selenium\\webdriver\\remote\\webdriver.py\", line 856, in find_element\n    return self.execute(Command.FIND_ELEMENT, {\n  File \"C:\\Program Files\\Python310\\lib\\site-packages\\selenium\\webdriver\\remote\\webdriver.py\", line 429, in execute\n    self.error_handler.check_response(response)\n  File \"C:\\Program Files\\Python310\\lib\\site-packages\\selenium\\webdriver\\remote\\errorhandler.py\", line 243, in check_response\n    raise exception_class(message, screen, stacktrace)\n"}, "steps": [{"name": "Given user should be login into the application with valid username and password", "status": "passed", "start": 1667452104565, "stop": 1667452108683}, {"name": "When user should able to open the messanger", "status": "passed", "start": 1667452108683, "stop": 1667452119324}, {"name": "Then user change the emoji \"-9\"", "status": "broken", "statusDetails": {"message": "selenium.common.exceptions.NoSuchElementException: Message: no such element: Unable to locate element: {\"method\":\"xpath\",\"selector\":\"(//h3[text()='Smileys & People']/..//img)[-9]\"}\n  (Session info: chrome=107.0.5304.88)\nStacktrace:\nBacktrace:\n\tOrdinal0 [0x0064ACD3+2075859]\n\tOrdinal0 [0x005DEE61+1633889]\n\tOrdinal0 [0x004DB7BD+571325]\n\tOrdinal0 [0x0050AC2F+764975]\n\tOrdinal0 [0x0050AE1B+765467]\n\tOrdinal0 [0x0053D0F2+970994]\n\tOrdinal0 [0x00527364+881508]\n\tOrdinal0 [0x0053B56A+963946]\n\tOrdinal0 [0x00527136+880950]\n\tOrdinal0 [0x004FFEFD+720637]\n\tOrdinal0 [0x00500F3F+724799]\n\tGetHandleVerifier [0x008FEED2+2769538]\n\tGetHandleVerifier [0x008F0D95+2711877]\n\tGetHandleVerifier [0x006DA03A+521194]\n\tGetHandleVerifier [0x006D8DA0+516432]\n\tOrdinal0 [0x005E682C+1665068]\n\tOrdinal0 [0x005EB128+1683752]\n\tOrdinal0 [0x005EB215+1683989]\n\tOrdinal0 [0x005F6484+1729668]\n\tBaseThreadInitThunk [0x76DE6739+25]\n\tRtlGetFullPathName_UEx [0x77DA8FD2+1218]\n\tRtlGetFullPathName_UEx [0x77DA8F9D+1165]\n\n", "trace": "  File \"C:\\Program Files\\Python310\\lib\\site-packages\\behave\\model.py\", line 1329, in run\n    match.run(runner.context)\n  File \"C:\\Program Files\\Python310\\lib\\site-packages\\behave\\matchers.py\", line 98, in run\n    self.func(context, *args, **kwargs)\n  File \"features\\steps\\facebook_stepdef.py\", line 74, in change_emoji\n    context.driver.find_element('xpath', f\"(//h3[text()='Smileys & People']/..//img)[{emoji}]\").click()\n  File \"C:\\Program Files\\Python310\\lib\\site-packages\\selenium\\webdriver\\remote\\webdriver.py\", line 856, in find_element\n    return self.execute(Command.FIND_ELEMENT, {\n  File \"C:\\Program Files\\Python310\\lib\\site-packages\\selenium\\webdriver\\remote\\webdriver.py\", line 429, in execute\n    self.error_handler.check_response(response)\n  File \"C:\\Program Files\\Python310\\lib\\site-packages\\selenium\\webdriver\\remote\\errorhandler.py\", line 243, in check_response\n    raise exception_class(message, screen, stacktrace)\n"}, "start": 1667452119324, "stop": 1667452130112}, {"name": "And user logout from the application", "status": "skipped", "start": 1667452130112, "stop": 1667452130112}], "parameters": [{"name": "emoji", "value": "-9"}], "start": 1667452104565, "stop": 1667452130112, "uuid": "533ff2c2-a195-4720-b3f9-988e20ffd61d", "historyId": "ed331d595aea128184121b82e0ffb6ea", "fullName": "change_emoji: mute_notification", "labels": [{"name": "severity", "value": "normal"}, {"name": "feature", "value": "change_emoji"}, {"name": "framework", "value": "behave"}, {"name": "language", "value": "cpython3"}]}